<?xml version="1.0" encoding="UTF-8"?>
<!-- Generated by org.testng.reporters.JUnitXMLReporter -->
<testsuite ignored="1" hostname="DABHADE-HOME" failures="1" tests="1" name="Default test(failed)" time="57.445" errors="0" timestamp="2022-09-10T14:31:41 IST">
  <testcase classname="testClass.TestClass1" name="verifyHomePage" time="4.088">
    <failure type="java.lang.IllegalArgumentException" message="Input must be set">
      <![CDATA[java.lang.IllegalArgumentException: Input must be set
at org.openqa.selenium.internal.Require.nonNull(Require.java:59)
at org.openqa.selenium.support.ui.FluentWait.<init>(FluentWait.java:97)
at org.openqa.selenium.support.ui.WebDriverWait.<init>(WebDriverWait.java:77)
at org.openqa.selenium.support.ui.WebDriverWait.<init>(WebDriverWait.java:46)
at utility.Waits.wait(Waits.java:15)
at testClass.TestClass1.verifyHomePage(TestClass1.java:53)
at java.base/java.util.ArrayList.forEach(ArrayList.java:1511)
... Removed 27 stack frames]]>
    </failure>
  </testcase> <!-- verifyHomePage -->
  <testcase classname="testClass.TestClass1" name="verifyLogInPage" time="0.0">
    <ignored/>
  </testcase> <!-- verifyLogInPage -->
</testsuite> <!-- Default test(failed) -->
